<?xml version="1.0" encoding="UTF-8"?>
<testng-results ignored="0" total="1" passed="1" failed="0" skipped="0">
  <reporter-output>
  </reporter-output>
  <suite started-at="2023-08-09T15:30:41 IST" name="Default suite" finished-at="2023-08-09T15:30:47 IST" duration-ms="5856">
    <groups>
    </groups>
    <test started-at="2023-08-09T15:30:41 IST" name="Default test" finished-at="2023-08-09T15:30:47 IST" duration-ms="5856">
      <class name="practice.BigAPI">
        <test-method signature="test()[pri:0, instance:practice.BigAPI@25084a1e]" started-at="2023-08-09T15:30:41 IST" name="test" finished-at="2023-08-09T15:30:47 IST" duration-ms="5780" status="PASS">
          <reporter-output>
          </reporter-output>
        </test-method> <!-- test -->
      </class> <!-- practice.BigAPI -->
    </test> <!-- Default test -->
  </suite> <!-- Default suite -->
</testng-results>
